Using pre-set license
Built from '2022.3/staging' branch; Version is '2022.3.10f1 (ff3792e53c62) revision 16725906'; Using compiler version '192829333'; Build Type 'Release'
OS: 'Windows 11  (10.0.22621) 64bit ProfessionalWorkstation' Language: 'en' Physical Memory: 16171 MB
BatchMode: 1, IsHumanControllingUs: 0, StartBugReporterOnCrash: 0, Is64bit: 1, IsPro: 1

COMMAND LINE ARGUMENTS:
E:\Setup\UnityEditor\2022.3.10f1\Editor\Unity.exe
-adb2
-batchMode
-noUpm
-name
AssetImportWorker1
-projectPath
E:/RunningFox/RunningFox
-logFile
Logs/AssetImportWorker1.log
-srvPort
49687
Successfully changed project path to: E:/RunningFox/RunningFox
E:/RunningFox/RunningFox
[UnityMemory] Configuration Parameters - Can be set up in boot.config
    "memorysetup-bucket-allocator-granularity=16"
    "memorysetup-bucket-allocator-bucket-count=8"
    "memorysetup-bucket-allocator-block-size=33554432"
    "memorysetup-bucket-allocator-block-count=8"
    "memorysetup-main-allocator-block-size=16777216"
    "memorysetup-thread-allocator-block-size=16777216"
    "memorysetup-gfx-main-allocator-block-size=16777216"
    "memorysetup-gfx-thread-allocator-block-size=16777216"
    "memorysetup-cache-allocator-block-size=4194304"
    "memorysetup-typetree-allocator-block-size=2097152"
    "memorysetup-profiler-bucket-allocator-granularity=16"
    "memorysetup-profiler-bucket-allocator-bucket-count=8"
    "memorysetup-profiler-bucket-allocator-block-size=33554432"
    "memorysetup-profiler-bucket-allocator-block-count=8"
    "memorysetup-profiler-allocator-block-size=16777216"
    "memorysetup-profiler-editor-allocator-block-size=1048576"
    "memorysetup-temp-allocator-size-main=16777216"
    "memorysetup-job-temp-allocator-block-size=2097152"
    "memorysetup-job-temp-allocator-block-size-background=1048576"
    "memorysetup-job-temp-allocator-reduction-small-platforms=262144"
    "memorysetup-allocator-temp-initial-block-size-main=262144"
    "memorysetup-allocator-temp-initial-block-size-worker=262144"
    "memorysetup-temp-allocator-size-background-worker=32768"
    "memorysetup-temp-allocator-size-job-worker=262144"
    "memorysetup-temp-allocator-size-preload-manager=33554432"
    "memorysetup-temp-allocator-size-nav-mesh-worker=65536"
    "memorysetup-temp-allocator-size-audio-worker=65536"
    "memorysetup-temp-allocator-size-cloud-worker=32768"
    "memorysetup-temp-allocator-size-gi-baking-worker=262144"
    "memorysetup-temp-allocator-size-gfx=262144"
Player connection [8584] Host "[IP] 172.26.96.1 [Port] 0 [Flags] 2 [Guid] 2164501439 [EditorId] 2164501439 [Version] 1048832 [Id] WindowsEditor(7,vhnam1507) [Debug] 1 [PackageName] WindowsEditor [ProjectName] Editor" joined multi-casting on [225.0.0.222:54997]...

Player connection [8584] Host "[IP] 172.26.96.1 [Port] 0 [Flags] 2 [Guid] 2164501439 [EditorId] 2164501439 [Version] 1048832 [Id] WindowsEditor(7,vhnam1507) [Debug] 1 [PackageName] WindowsEditor [ProjectName] Editor" joined alternative multi-casting on [225.0.0.222:34997]...

[Physics::Module] Initialized MultithreadedJobDispatcher with 11 workers.
Refreshing native plugins compatible for Editor in 11.44 ms, found 4 plugins.
Preloading 0 native plugins for Editor in 0.00 ms.
Initialize engine version: 2022.3.10f1 (ff3792e53c62)
[Subsystems] Discovering subsystems at path E:/Setup/UnityEditor/2022.3.10f1/Editor/Data/Resources/UnitySubsystems
[Subsystems] Discovering subsystems at path E:/RunningFox/RunningFox/Assets
GfxDevice: creating device client; threaded=0; jobified=0
Direct3D:
    Version:  Direct3D 11.0 [level 11.1]
    Renderer: NVIDIA GeForce GTX 1650 Ti (ID=0x1f95)
    Vendor:   NVIDIA
    VRAM:     3949 MB
    Driver:   31.0.15.3758
Initialize mono
Mono path[0] = 'E:/Setup/UnityEditor/2022.3.10f1/Editor/Data/Managed'
Mono path[1] = 'E:/Setup/UnityEditor/2022.3.10f1/Editor/Data/MonoBleedingEdge/lib/mono/unityjit-win32'
Mono config path = 'E:/Setup/UnityEditor/2022.3.10f1/Editor/Data/MonoBleedingEdge/etc'
Using monoOptions --debugger-agent=transport=dt_socket,embedding=1,server=y,suspend=n,address=127.0.0.1:56732
Begin MonoManager ReloadAssembly
Registering precompiled unity dll's ...
Register platform support module: E:/Setup/UnityEditor/2022.3.10f1/Editor/Data/PlaybackEngines/WebGLSupport/UnityEditor.WebGL.Extensions.dll
Register platform support module: E:/Setup/UnityEditor/2022.3.10f1/Editor/Data/PlaybackEngines/WindowsStandaloneSupport/UnityEditor.WindowsStandalone.Extensions.dll
Registered in 0.004911 seconds.
- Loaded All Assemblies, in  0.438 seconds
Native extension for WindowsStandalone target not found
Native extension for WebGL target not found
Mono: successfully reloaded assembly
- Finished resetting the current domain, in  0.333 seconds
Domain Reload Profiling: 771ms
	BeginReloadAssembly (130ms)
		ExecutionOrderSort (0ms)
		DisableScriptedObjects (0ms)
		BackupInstance (0ms)
		ReleaseScriptingObjects (0ms)
		CreateAndSetChildDomain (1ms)
	RebuildCommonClasses (41ms)
	RebuildNativeTypeToScriptingClass (13ms)
	initialDomainReloadingComplete (57ms)
	LoadAllAssembliesAndSetupDomain (196ms)
		LoadAssemblies (130ms)
		RebuildTransferFunctionScriptingTraits (0ms)
		AnalyzeDomain (194ms)
			TypeCache.Refresh (192ms)
				TypeCache.ScanAssembly (172ms)
			ScanForSourceGeneratedMonoScriptInfo (0ms)
			ResolveRequiredComponents (1ms)
	FinalizeReload (333ms)
		ReleaseScriptCaches (0ms)
		RebuildScriptCaches (0ms)
		SetupLoadedEditorAssemblies (254ms)
			LogAssemblyErrors (0ms)
			InitializePlatformSupportModulesInManaged (10ms)
			SetLoadedEditorAssemblies (8ms)
			RefreshPlugins (0ms)
			BeforeProcessingInitializeOnLoad (3ms)
			ProcessInitializeOnLoadAttributes (159ms)
			ProcessInitializeOnLoadMethodAttributes (74ms)
			AfterProcessingInitializeOnLoad (0ms)
			EditorAssembliesLoaded (0ms)
		ExecutionOrderSort2 (0ms)
		AwakeInstancesAfterBackupRestoration (0ms)
========================================================================
Worker process is ready to serve import requests
Begin MonoManager ReloadAssembly
- Loaded All Assemblies, in  0.821 seconds
Refreshing native plugins compatible for Editor in 3.35 ms, found 4 plugins.
Native extension for WindowsStandalone target not found
Native extension for WebGL target not found
Package Manager log level set to [2]
[Package Manager] Server::EnsureServerProcessIsRunning -- launch failed, reason: Unity was launched with the -noUpm command-line argument
[Package Manager] UpmClient::Send -- Unable to send message (not connected to UPM process).
[Package Manager] Cannot connect to Unity Package Manager local server
Mono: successfully reloaded assembly
- Finished resetting the current domain, in  0.910 seconds
Domain Reload Profiling: 1731ms
	BeginReloadAssembly (191ms)
		ExecutionOrderSort (0ms)
		DisableScriptedObjects (7ms)
		BackupInstance (0ms)
		ReleaseScriptingObjects (0ms)
		CreateAndSetChildDomain (29ms)
	RebuildCommonClasses (44ms)
	RebuildNativeTypeToScriptingClass (14ms)
	initialDomainReloadingComplete (52ms)
	LoadAllAssembliesAndSetupDomain (519ms)
		LoadAssemblies (382ms)
		RebuildTransferFunctionScriptingTraits (0ms)
		AnalyzeDomain (249ms)
			TypeCache.Refresh (210ms)
				TypeCache.ScanAssembly (186ms)
			ScanForSourceGeneratedMonoScriptInfo (31ms)
			ResolveRequiredComponents (6ms)
	FinalizeReload (911ms)
		ReleaseScriptCaches (0ms)
		RebuildScriptCaches (0ms)
		SetupLoadedEditorAssemblies (570ms)
			LogAssemblyErrors (0ms)
			InitializePlatformSupportModulesInManaged (7ms)
			SetLoadedEditorAssemblies (4ms)
			RefreshPlugins (0ms)
			BeforeProcessingInitializeOnLoad (83ms)
			ProcessInitializeOnLoadAttributes (423ms)
			ProcessInitializeOnLoadMethodAttributes (50ms)
			AfterProcessingInitializeOnLoad (3ms)
			EditorAssembliesLoaded (0ms)
		ExecutionOrderSort2 (0ms)
		AwakeInstancesAfterBackupRestoration (9ms)
Launched and connected shader compiler UnityShaderCompiler.exe after 0.08 seconds
Refreshing native plugins compatible for Editor in 3.83 ms, found 4 plugins.
Preloading 0 native plugins for Editor in 0.00 ms.
Unloading 4003 Unused Serialized files (Serialized files now loaded: 0)
Unloading 69 unused Assets / (245.0 KB). Loaded Objects now: 4459.
Memory consumption went from 136.5 MB to 136.3 MB.
Total: 4.934000 ms (FindLiveObjects: 0.352100 ms CreateObjectMapping: 0.542400 ms MarkObjects: 3.789300 ms  DeleteObjects: 0.248600 ms)

AssetImportParameters requested are different than current active one (requested -> active):
  custom:container-demuxer-ogg: 62fdf1f143b41e24485cea50d1cbac27 -> 
  custom:video-codec-MediaFoundation-h265: 746d11721c4dcdbdad8f713fa42b33f4 -> 
  custom:video-decoder-ogg-theora: a1e56fd34408186e4bbccfd4996cb3dc -> 
  custom:framework-win-MediaFoundation: 216162199b28c13a410421893ffa2e32 -> 
  custom:CustomObjectIndexerAttribute: 756ad292c208cfabdd7b50bc23989ffe -> 
  custom:container-demuxer-webm: 4f35f7cbe854078d1ac9338744f61a02 -> 
  custom:container-muxer-webm: aa71ff27fc2769a1b78a27578f13a17b -> 
  custom:video-decoder-webm-vp8: 9c59270c3fd7afecdb556c50c9e8de78 -> 
  custom:SearchIndexIgnoredProperties: e643bd26f0fe6173181afceb89e7c659 -> 
  custom:AudioImporter_EditorPlatform: d09bf68614088b80899f8185d706f6e7 -> 
  custom:video-encoder-webm-vp8: eb34c28f22e8b96e1ab97ce403110664 -> 
  custom:audio-decoder-ogg-vorbis: bf7c407c2cedff20999df2af8eb42d56 -> 
  custom:audio-encoder-webm-vorbis: bf7c407c2cedff20999df2af8eb42d56 -> 
========================================================================
Received Import Request.
  Time since last request: 337343.041151 seconds.
  path: Assets/SunnyLand Artwork/Sprites/Enemies/bunny/bunny3.png
  artifactKey: Guid(ff80f8f830d1c3f418fea9ca85ba01f9) Importer(815301076,1909f56bfc062723c751e8b465ee728b)
Start importing Assets/SunnyLand Artwork/Sprites/Enemies/bunny/bunny3.png using Guid(ff80f8f830d1c3f418fea9ca85ba01f9) Importer(815301076,1909f56bfc062723c751e8b465ee728b)  -> (artifact id: '41cab2691f3b1e088cbf53646c9ad9c5') in 0.121517 seconds
Number of updated asset objects reloaded before import = 0
Number of asset objects unloaded after import = 3
========================================================================
Received Import Request.
  Time since last request: 0.000039 seconds.
  path: Assets/SunnyLand Artwork/Sprites/Enemies/bunny/bunny1.png
  artifactKey: Guid(e0aab8ef7a3e2664c9a41888a276b862) Importer(815301076,1909f56bfc062723c751e8b465ee728b)
Start importing Assets/SunnyLand Artwork/Sprites/Enemies/bunny/bunny1.png using Guid(e0aab8ef7a3e2664c9a41888a276b862) Importer(815301076,1909f56bfc062723c751e8b465ee728b)  -> (artifact id: '186b5781b9db60b906a1efe866f200fc') in 0.017232 seconds
Number of updated asset objects reloaded before import = 0
Number of asset objects unloaded after import = 3
========================================================================
Received Import Request.
  Time since last request: 9.402176 seconds.
  path: Assets/SunnyLand Artwork/Sprites/Enemies/Dino/dino2.png
  artifactKey: Guid(26cd18279c65ba948930145802809f87) Importer(815301076,1909f56bfc062723c751e8b465ee728b)
Start importing Assets/SunnyLand Artwork/Sprites/Enemies/Dino/dino2.png using Guid(26cd18279c65ba948930145802809f87) Importer(815301076,1909f56bfc062723c751e8b465ee728b)  -> (artifact id: '0e28a0d2469558f3e35552b0e45c042d') in 0.022176 seconds
Number of updated asset objects reloaded before import = 0
Number of asset objects unloaded after import = 3
========================================================================
Received Import Request.
  Time since last request: 0.000032 seconds.
  path: Assets/SunnyLand Artwork/Sprites/Enemies/Dino/dino4.png
  artifactKey: Guid(29c65eaf485383b48831e7e654da6914) Importer(815301076,1909f56bfc062723c751e8b465ee728b)
Start importing Assets/SunnyLand Artwork/Sprites/Enemies/Dino/dino4.png using Guid(29c65eaf485383b48831e7e654da6914) Importer(815301076,1909f56bfc062723c751e8b465ee728b)  -> (artifact id: '26aae14114a5d26a3ded5b3fa9a52a9a') in 0.027262 seconds
Number of updated asset objects reloaded before import = 0
Number of asset objects unloaded after import = 3
========================================================================
Received Import Request.
  Time since last request: 0.000015 seconds.
  path: Assets/SunnyLand Artwork/Sprites/Enemies/Dino/dino3.png
  artifactKey: Guid(b49df5f77ab9d664982c5bbe1a65b9c1) Importer(815301076,1909f56bfc062723c751e8b465ee728b)
Start importing Assets/SunnyLand Artwork/Sprites/Enemies/Dino/dino3.png using Guid(b49df5f77ab9d664982c5bbe1a65b9c1) Importer(815301076,1909f56bfc062723c751e8b465ee728b)  -> (artifact id: 'c3b7a8e1e5825f37bac54f181d4d0d39') in 0.022863 seconds
Number of updated asset objects reloaded before import = 0
Number of asset objects unloaded after import = 3
========================================================================
Received Import Request.
  Time since last request: 0.000017 seconds.
  path: Assets/SunnyLand Artwork/Sprites/Enemies/Dino/dino7.png
  artifactKey: Guid(a594a400873bd7e408b1d6e371a203d0) Importer(815301076,1909f56bfc062723c751e8b465ee728b)
Start importing Assets/SunnyLand Artwork/Sprites/Enemies/Dino/dino7.png using Guid(a594a400873bd7e408b1d6e371a203d0) Importer(815301076,1909f56bfc062723c751e8b465ee728b)  -> (artifact id: 'c369b39c9aa6621a0543a17c3de9f82b') in 0.024162 seconds
Number of updated asset objects reloaded before import = 0
Number of asset objects unloaded after import = 3
========================================================================
Received Import Request.
  Time since last request: 9.375828 seconds.
  path: Assets/SunnyLand Artwork/Sprites/Enemies/Dog/dog3.png
  artifactKey: Guid(3338f08da18be7e4fbd80aa6dfd918cf) Importer(815301076,1909f56bfc062723c751e8b465ee728b)
Start importing Assets/SunnyLand Artwork/Sprites/Enemies/Dog/dog3.png using Guid(3338f08da18be7e4fbd80aa6dfd918cf) Importer(815301076,1909f56bfc062723c751e8b465ee728b)  -> (artifact id: 'cfe96c9bf661bbb9a4da2e14aebf55c4') in 0.019611 seconds
Number of updated asset objects reloaded before import = 0
Number of asset objects unloaded after import = 3
========================================================================
Received Import Request.
  Time since last request: 0.000013 seconds.
  path: Assets/SunnyLand Artwork/Sprites/Enemies/Dog/dog4.png
  artifactKey: Guid(88ba4f65bc4f3ab479dfef0d2e885e30) Importer(815301076,1909f56bfc062723c751e8b465ee728b)
Start importing Assets/SunnyLand Artwork/Sprites/Enemies/Dog/dog4.png using Guid(88ba4f65bc4f3ab479dfef0d2e885e30) Importer(815301076,1909f56bfc062723c751e8b465ee728b)  -> (artifact id: '64cd2ffb04120a5f5fd4210d024109bb') in 0.020567 seconds
Number of updated asset objects reloaded before import = 0
Number of asset objects unloaded after import = 3
========================================================================
Received Import Request.
  Time since last request: 316.691446 seconds.
  path: Assets/SunnyLand Artwork/Sprites/Enemies/pig/pig2.png
  artifactKey: Guid(92a52bf102eee444c939429778068b5f) Importer(815301076,1909f56bfc062723c751e8b465ee728b)
Start importing Assets/SunnyLand Artwork/Sprites/Enemies/pig/pig2.png using Guid(92a52bf102eee444c939429778068b5f) Importer(815301076,1909f56bfc062723c751e8b465ee728b)  -> (artifact id: '508e0a4316b3c772a914005c217d6a7b') in 0.021303 seconds
Number of updated asset objects reloaded before import = 0
Number of asset objects unloaded after import = 3
========================================================================
Received Import Request.
  Time since last request: 0.000022 seconds.
  path: Assets/SunnyLand Artwork/Sprites/Enemies/pig/pig4.png
  artifactKey: Guid(f2063104bceda0640abd842c232f0fc6) Importer(815301076,1909f56bfc062723c751e8b465ee728b)
Start importing Assets/SunnyLand Artwork/Sprites/Enemies/pig/pig4.png using Guid(f2063104bceda0640abd842c232f0fc6) Importer(815301076,1909f56bfc062723c751e8b465ee728b)  -> (artifact id: 'c578e704e65d1dae04d73fe7fbc488a4') in 0.016394 seconds
Number of updated asset objects reloaded before import = 0
Number of asset objects unloaded after import = 3
========================================================================
Received Import Request.
  Time since last request: 937.214625 seconds.
  path: Assets/SunnyLand Artwork/Sprites/Enemies/Dog-idle/dog-idlet2.png
  artifactKey: Guid(b5751a5f74691c34eb9c70637f2f2fa4) Importer(815301076,1909f56bfc062723c751e8b465ee728b)
Start importing Assets/SunnyLand Artwork/Sprites/Enemies/Dog-idle/dog-idlet2.png using Guid(b5751a5f74691c34eb9c70637f2f2fa4) Importer(815301076,1909f56bfc062723c751e8b465ee728b)  -> (artifact id: 'c4137937b95c6114a452f40b33c1c7ef') in 0.020791 seconds
Number of updated asset objects reloaded before import = 0
Number of asset objects unloaded after import = 3
========================================================================
Received Import Request.
  Time since last request: 0.000027 seconds.
  path: Assets/SunnyLand Artwork/Sprites/Enemies/Dog-idle/dog-idlet3.png
  artifactKey: Guid(abb083edade2e8b4687731a96bc20ece) Importer(815301076,1909f56bfc062723c751e8b465ee728b)
Start importing Assets/SunnyLand Artwork/Sprites/Enemies/Dog-idle/dog-idlet3.png using Guid(abb083edade2e8b4687731a96bc20ece) Importer(815301076,1909f56bfc062723c751e8b465ee728b)  -> (artifact id: 'cc889b6a793eb8d6e72be12f172ef341') in 0.015779 seconds
Number of updated asset objects reloaded before import = 0
Number of asset objects unloaded after import = 3
========================================================================
Received Import Request.
  Time since last request: 0.000033 seconds.
  path: Assets/SunnyLand Artwork/Sprites/Enemies/Dog-idle/dog-idlet5.png
  artifactKey: Guid(2b3460f9f5437c348b5c65b6675a4617) Importer(815301076,1909f56bfc062723c751e8b465ee728b)
Start importing Assets/SunnyLand Artwork/Sprites/Enemies/Dog-idle/dog-idlet5.png using Guid(2b3460f9f5437c348b5c65b6675a4617) Importer(815301076,1909f56bfc062723c751e8b465ee728b)  -> (artifact id: '1ae95e55a5fda1aea224240db7fd9b44') in 0.017237 seconds
Number of updated asset objects reloaded before import = 0
Number of asset objects unloaded after import = 3
========================================================================
Received Import Request.
  Time since last request: 0.000050 seconds.
  path: Assets/SunnyLand Artwork/Sprites/Enemies/Dog-idle/dog-idlet6.png
  artifactKey: Guid(854d3cfac862d3c458756bf398c12232) Importer(815301076,1909f56bfc062723c751e8b465ee728b)
Start importing Assets/SunnyLand Artwork/Sprites/Enemies/Dog-idle/dog-idlet6.png using Guid(854d3cfac862d3c458756bf398c12232) Importer(815301076,1909f56bfc062723c751e8b465ee728b)  -> (artifact id: '17c39aacb93a5d4699b1b8012d0acadb') in 0.020688 seconds
Number of updated asset objects reloaded before import = 0
Number of asset objects unloaded after import = 3
========================================================================
Received Import Request.
  Time since last request: 0.585323 seconds.
  path: Assets/SunnyLand Artwork/Sprites/Enemies/Eagle Dive Attack/attack2.png
  artifactKey: Guid(e13889351117c7d45baa2713c349b9a4) Importer(815301076,1909f56bfc062723c751e8b465ee728b)
Start importing Assets/SunnyLand Artwork/Sprites/Enemies/Eagle Dive Attack/attack2.png using Guid(e13889351117c7d45baa2713c349b9a4) Importer(815301076,1909f56bfc062723c751e8b465ee728b)  -> (artifact id: '549e1cb499b7cdfc399f001f06d3ef82') in 0.020155 seconds
Number of updated asset objects reloaded before import = 0
Number of asset objects unloaded after import = 3
========================================================================
Received Import Request.
  Time since last request: 1.940387 seconds.
  path: Assets/SunnyLand Artwork/Sprites/Enemies/Slimer/slimer2.png
  artifactKey: Guid(b8c1a11ae347f5d4da11bd2f356009ed) Importer(815301076,1909f56bfc062723c751e8b465ee728b)
Start importing Assets/SunnyLand Artwork/Sprites/Enemies/Slimer/slimer2.png using Guid(b8c1a11ae347f5d4da11bd2f356009ed) Importer(815301076,1909f56bfc062723c751e8b465ee728b)  -> (artifact id: '385ac68cfa54f1f80abaea4b264dba63') in 0.017132 seconds
Number of updated asset objects reloaded before import = 0
Number of asset objects unloaded after import = 3
========================================================================
Received Import Request.
  Time since last request: 0.000034 seconds.
  path: Assets/SunnyLand Artwork/Sprites/Enemies/Slimer/slimer4.png
  artifactKey: Guid(011e5bc739bf9b04c96d763a2cd07aa0) Importer(815301076,1909f56bfc062723c751e8b465ee728b)
Start importing Assets/SunnyLand Artwork/Sprites/Enemies/Slimer/slimer4.png using Guid(011e5bc739bf9b04c96d763a2cd07aa0) Importer(815301076,1909f56bfc062723c751e8b465ee728b)  -> (artifact id: '846f0a6caef7f3823d646fe67918e105') in 0.018146 seconds
Number of updated asset objects reloaded before import = 0
Number of asset objects unloaded after import = 3
========================================================================
Received Import Request.
  Time since last request: 0.000042 seconds.
  path: Assets/SunnyLand Artwork/Sprites/Enemies/Slimer/slimer6.png
  artifactKey: Guid(5d8c6ad8adae7c542bd8e955f9affe92) Importer(815301076,1909f56bfc062723c751e8b465ee728b)
Start importing Assets/SunnyLand Artwork/Sprites/Enemies/Slimer/slimer6.png using Guid(5d8c6ad8adae7c542bd8e955f9affe92) Importer(815301076,1909f56bfc062723c751e8b465ee728b)  -> (artifact id: '2949d2897e6ce29c290cfd418970e1c4') in 0.019703 seconds
Number of updated asset objects reloaded before import = 0
Number of asset objects unloaded after import = 3
========================================================================
Received Import Request.
  Time since last request: 2.239231 seconds.
  path: Assets/SunnyLand Artwork/Sprites/Enemies/Vulture/vulture2.png
  artifactKey: Guid(cea7b0258c1dd444c926d20d5e9f3807) Importer(815301076,1909f56bfc062723c751e8b465ee728b)
Start importing Assets/SunnyLand Artwork/Sprites/Enemies/Vulture/vulture2.png using Guid(cea7b0258c1dd444c926d20d5e9f3807) Importer(815301076,1909f56bfc062723c751e8b465ee728b)  -> (artifact id: 'fdc16e247147b536d1ae474eb675381c') in 0.020112 seconds
Number of updated asset objects reloaded before import = 0
Number of asset objects unloaded after import = 3
========================================================================
Received Import Request.
  Time since last request: 0.000028 seconds.
  path: Assets/SunnyLand Artwork/Sprites/Enemies/Vulture/vulture4.png
  artifactKey: Guid(cdaf28e558b90b640ab4b6e4d3399a21) Importer(815301076,1909f56bfc062723c751e8b465ee728b)
Start importing Assets/SunnyLand Artwork/Sprites/Enemies/Vulture/vulture4.png using Guid(cdaf28e558b90b640ab4b6e4d3399a21) Importer(815301076,1909f56bfc062723c751e8b465ee728b)  -> (artifact id: '1cfef18ca77b1acdcb7986bfdc184574') in 0.016990 seconds
Number of updated asset objects reloaded before import = 0
Number of asset objects unloaded after import = 3
========================================================================
Received Import Request.
  Time since last request: 5.321277 seconds.
  path: Assets/SunnyLand Artwork/Sprites/Enemies/eagle/eagle-attack-2.png
  artifactKey: Guid(c97786e9459b34e058449b84cd9aab61) Importer(815301076,1909f56bfc062723c751e8b465ee728b)
Start importing Assets/SunnyLand Artwork/Sprites/Enemies/eagle/eagle-attack-2.png using Guid(c97786e9459b34e058449b84cd9aab61) Importer(815301076,1909f56bfc062723c751e8b465ee728b)  -> (artifact id: '2fafe96a77422209783e50978c043e5a') in 0.021145 seconds
Number of updated asset objects reloaded before import = 0
Number of asset objects unloaded after import = 3
========================================================================
Received Import Request.
  Time since last request: 0.000017 seconds.
  path: Assets/SunnyLand Artwork/Sprites/Enemies/eagle/eagle-attack-4.png
  artifactKey: Guid(63301056ddf5f4841800915f26c302d2) Importer(815301076,1909f56bfc062723c751e8b465ee728b)
Start importing Assets/SunnyLand Artwork/Sprites/Enemies/eagle/eagle-attack-4.png using Guid(63301056ddf5f4841800915f26c302d2) Importer(815301076,1909f56bfc062723c751e8b465ee728b)  -> (artifact id: '6f39078f6e28354991c661f1cd9f8540') in 0.022145 seconds
Number of updated asset objects reloaded before import = 0
Number of asset objects unloaded after import = 3
========================================================================
Received Import Request.
  Time since last request: 2.932269 seconds.
  path: Assets/SunnyLand Artwork/Sprites/Enemies/Slimer-Idle/slimer-idle2.png
  artifactKey: Guid(1e86708f6739f9d45a11a727fa710193) Importer(815301076,1909f56bfc062723c751e8b465ee728b)
Start importing Assets/SunnyLand Artwork/Sprites/Enemies/Slimer-Idle/slimer-idle2.png using Guid(1e86708f6739f9d45a11a727fa710193) Importer(815301076,1909f56bfc062723c751e8b465ee728b)  -> (artifact id: 'ef127d12ba5e4ac7ebe8370d5ccfc538') in 0.016381 seconds
Number of updated asset objects reloaded before import = 0
Number of asset objects unloaded after import = 3
========================================================================
Received Import Request.
  Time since last request: 0.000036 seconds.
  path: Assets/SunnyLand Artwork/Sprites/Enemies/Slimer-Idle/slimer-idle6.png
  artifactKey: Guid(da86f8257e83fbd4c8432b32c6c47dd5) Importer(815301076,1909f56bfc062723c751e8b465ee728b)
Start importing Assets/SunnyLand Artwork/Sprites/Enemies/Slimer-Idle/slimer-idle6.png using Guid(da86f8257e83fbd4c8432b32c6c47dd5) Importer(815301076,1909f56bfc062723c751e8b465ee728b)  -> (artifact id: '7ceb41db2458b92c903e0cc14dc56b63') in 0.022782 seconds
Number of updated asset objects reloaded before import = 0
Number of asset objects unloaded after import = 3
========================================================================
Received Import Request.
  Time since last request: 0.916904 seconds.
  path: Assets/SunnyLand Artwork/Sprites/Enemies/Vulture-Idle/vulture-idle2.png
  artifactKey: Guid(e5c3e4adc48c9a14fa06d72378bce3b5) Importer(815301076,1909f56bfc062723c751e8b465ee728b)
Start importing Assets/SunnyLand Artwork/Sprites/Enemies/Vulture-Idle/vulture-idle2.png using Guid(e5c3e4adc48c9a14fa06d72378bce3b5) Importer(815301076,1909f56bfc062723c751e8b465ee728b)  -> (artifact id: 'b8d80c326f67f10b5f63edd232828224') in 0.017287 seconds
Number of updated asset objects reloaded before import = 0
Number of asset objects unloaded after import = 3
========================================================================
Received Import Request.
  Time since last request: 3.962762 seconds.
  path: Assets/SunnyLand Artwork/Sprites/Enemies/opossum/opossum-2.png
  artifactKey: Guid(2c5f3b2250c31495db3ffcf7e90bb619) Importer(815301076,1909f56bfc062723c751e8b465ee728b)
Start importing Assets/SunnyLand Artwork/Sprites/Enemies/opossum/opossum-2.png using Guid(2c5f3b2250c31495db3ffcf7e90bb619) Importer(815301076,1909f56bfc062723c751e8b465ee728b)  -> (artifact id: '25365b887576b91e1cccea1e008b8452') in 0.019574 seconds
Number of updated asset objects reloaded before import = 0
Number of asset objects unloaded after import = 3
========================================================================
Received Import Request.
  Time since last request: 0.000015 seconds.
  path: Assets/SunnyLand Artwork/Sprites/Enemies/opossum/opossum-6.png
  artifactKey: Guid(764fc52f7266843e9b3dac17448f873f) Importer(815301076,1909f56bfc062723c751e8b465ee728b)
Start importing Assets/SunnyLand Artwork/Sprites/Enemies/opossum/opossum-6.png using Guid(764fc52f7266843e9b3dac17448f873f) Importer(815301076,1909f56bfc062723c751e8b465ee728b)  -> (artifact id: '078414c549b158b05685bb24e56b62c1') in 0.017196 seconds
Number of updated asset objects reloaded before import = 0
Number of asset objects unloaded after import = 3
========================================================================
Received Import Request.
  Time since last request: 4.162406 seconds.
  path: Assets/SunnyLand Artwork/Sprites/Enemies/Eagle Hurt/hurt2.png
  artifactKey: Guid(7c13fb301cdcde34c8fc1e21459fa6b1) Importer(815301076,1909f56bfc062723c751e8b465ee728b)
Start importing Assets/SunnyLand Artwork/Sprites/Enemies/Eagle Hurt/hurt2.png using Guid(7c13fb301cdcde34c8fc1e21459fa6b1) Importer(815301076,1909f56bfc062723c751e8b465ee728b)  -> (artifact id: '4ae3d8bc5664bd448d0ea57d986c688c') in 0.016526 seconds
Number of updated asset objects reloaded before import = 0
Number of asset objects unloaded after import = 3
========================================================================
Received Import Request.
  Time since last request: 0.000039 seconds.
  path: Assets/SunnyLand Artwork/Sprites/Enemies/Eagle Hurt/hurt5.png
  artifactKey: Guid(ccad675daa178bf42b05769514299c0d) Importer(815301076,1909f56bfc062723c751e8b465ee728b)
Start importing Assets/SunnyLand Artwork/Sprites/Enemies/Eagle Hurt/hurt5.png using Guid(ccad675daa178bf42b05769514299c0d) Importer(815301076,1909f56bfc062723c751e8b465ee728b)  -> (artifact id: 'f184a160825a1fdd279ceae86c30a25e') in 0.016764 seconds
Number of updated asset objects reloaded before import = 0
Number of asset objects unloaded after import = 3
========================================================================
Received Import Request.
  Time since last request: 2.242916 seconds.
  path: Assets/SunnyLand Artwork/Sprites/Enemies/Dino-Idle/dino-idle2.png
  artifactKey: Guid(9f47bc5e5682e37439e15bedbe83cec3) Importer(815301076,1909f56bfc062723c751e8b465ee728b)
Start importing Assets/SunnyLand Artwork/Sprites/Enemies/Dino-Idle/dino-idle2.png using Guid(9f47bc5e5682e37439e15bedbe83cec3) Importer(815301076,1909f56bfc062723c751e8b465ee728b)  -> (artifact id: '47b185b7263fa247c0bdf161ad236ce8') in 0.019073 seconds
Number of updated asset objects reloaded before import = 0
Number of asset objects unloaded after import = 3
Editor requested this worker to shutdown with reason: Scaling down because of idle timeout
TcpMessagingSession - receive error: operation aborted. errorcode: 995, details: The I/O operation has been aborted because of either a thread exit or an application request.
AssetImportWorker is now disconnected from the server
Process exiting
Exiting without the bug reporter. Application will terminate with return code 0