Using pre-set license
Built from '2022.3/staging' branch; Version is '2022.3.10f1 (ff3792e53c62) revision 16725906'; Using compiler version '192829333'; Build Type 'Release'
OS: 'Windows 11  (10.0.22621) 64bit ProfessionalWorkstation' Language: 'en' Physical Memory: 16171 MB
BatchMode: 1, IsHumanControllingUs: 0, StartBugReporterOnCrash: 0, Is64bit: 1, IsPro: 1

COMMAND LINE ARGUMENTS:
E:\Setup\UnityEditor\2022.3.10f1\Editor\Unity.exe
-adb2
-batchMode
-noUpm
-name
AssetImportWorker2
-projectPath
E:/RunningFox/RunningFox
-logFile
Logs/AssetImportWorker2.log
-srvPort
57028
Successfully changed project path to: E:/RunningFox/RunningFox
E:/RunningFox/RunningFox
[UnityMemory] Configuration Parameters - Can be set up in boot.config
    "memorysetup-bucket-allocator-granularity=16"
    "memorysetup-bucket-allocator-bucket-count=8"
    "memorysetup-bucket-allocator-block-size=33554432"
    "memorysetup-bucket-allocator-block-count=8"
    "memorysetup-main-allocator-block-size=16777216"
    "memorysetup-thread-allocator-block-size=16777216"
    "memorysetup-gfx-main-allocator-block-size=16777216"
    "memorysetup-gfx-thread-allocator-block-size=16777216"
    "memorysetup-cache-allocator-block-size=4194304"
    "memorysetup-typetree-allocator-block-size=2097152"
    "memorysetup-profiler-bucket-allocator-granularity=16"
    "memorysetup-profiler-bucket-allocator-bucket-count=8"
    "memorysetup-profiler-bucket-allocator-block-size=33554432"
    "memorysetup-profiler-bucket-allocator-block-count=8"
    "memorysetup-profiler-allocator-block-size=16777216"
    "memorysetup-profiler-editor-allocator-block-size=1048576"
    "memorysetup-temp-allocator-size-main=16777216"
    "memorysetup-job-temp-allocator-block-size=2097152"
    "memorysetup-job-temp-allocator-block-size-background=1048576"
    "memorysetup-job-temp-allocator-reduction-small-platforms=262144"
    "memorysetup-allocator-temp-initial-block-size-main=262144"
    "memorysetup-allocator-temp-initial-block-size-worker=262144"
    "memorysetup-temp-allocator-size-background-worker=32768"
    "memorysetup-temp-allocator-size-job-worker=262144"
    "memorysetup-temp-allocator-size-preload-manager=33554432"
    "memorysetup-temp-allocator-size-nav-mesh-worker=65536"
    "memorysetup-temp-allocator-size-audio-worker=65536"
    "memorysetup-temp-allocator-size-cloud-worker=32768"
    "memorysetup-temp-allocator-size-gi-baking-worker=262144"
    "memorysetup-temp-allocator-size-gfx=262144"
Player connection [25876] Host "[IP] 172.26.96.1 [Port] 0 [Flags] 2 [Guid] 1585552125 [EditorId] 1585552125 [Version] 1048832 [Id] WindowsEditor(7,vhnam1507) [Debug] 1 [PackageName] WindowsEditor [ProjectName] Editor" joined multi-casting on [225.0.0.222:54997]...

Player connection [25876] Host "[IP] 172.26.96.1 [Port] 0 [Flags] 2 [Guid] 1585552125 [EditorId] 1585552125 [Version] 1048832 [Id] WindowsEditor(7,vhnam1507) [Debug] 1 [PackageName] WindowsEditor [ProjectName] Editor" joined alternative multi-casting on [225.0.0.222:34997]...

[Physics::Module] Initialized MultithreadedJobDispatcher with 11 workers.
Refreshing native plugins compatible for Editor in 14.61 ms, found 4 plugins.
Preloading 0 native plugins for Editor in 0.00 ms.
Initialize engine version: 2022.3.10f1 (ff3792e53c62)
[Subsystems] Discovering subsystems at path E:/Setup/UnityEditor/2022.3.10f1/Editor/Data/Resources/UnitySubsystems
[Subsystems] Discovering subsystems at path E:/RunningFox/RunningFox/Assets
GfxDevice: creating device client; threaded=0; jobified=0
Direct3D:
    Version:  Direct3D 11.0 [level 11.1]
    Renderer: Intel(R) UHD Graphics (ID=0x9bc4)
    Vendor:   Intel
    VRAM:     8085 MB
    Driver:   26.20.100.7985
Initialize mono
Mono path[0] = 'E:/Setup/UnityEditor/2022.3.10f1/Editor/Data/Managed'
Mono path[1] = 'E:/Setup/UnityEditor/2022.3.10f1/Editor/Data/MonoBleedingEdge/lib/mono/unityjit-win32'
Mono config path = 'E:/Setup/UnityEditor/2022.3.10f1/Editor/Data/MonoBleedingEdge/etc'
Using monoOptions --debugger-agent=transport=dt_socket,embedding=1,server=y,suspend=n,address=127.0.0.1:56484
Begin MonoManager ReloadAssembly
Registering precompiled unity dll's ...
Register platform support module: E:/Setup/UnityEditor/2022.3.10f1/Editor/Data/PlaybackEngines/WebGLSupport/UnityEditor.WebGL.Extensions.dll
Register platform support module: E:/Setup/UnityEditor/2022.3.10f1/Editor/Data/PlaybackEngines/WindowsStandaloneSupport/UnityEditor.WindowsStandalone.Extensions.dll
Registered in 0.005935 seconds.
- Loaded All Assemblies, in  0.618 seconds
Native extension for WindowsStandalone target not found
Native extension for WebGL target not found
Mono: successfully reloaded assembly
- Finished resetting the current domain, in  0.600 seconds
Domain Reload Profiling: 1217ms
	BeginReloadAssembly (191ms)
		ExecutionOrderSort (0ms)
		DisableScriptedObjects (0ms)
		BackupInstance (0ms)
		ReleaseScriptingObjects (0ms)
		CreateAndSetChildDomain (1ms)
	RebuildCommonClasses (66ms)
	RebuildNativeTypeToScriptingClass (19ms)
	initialDomainReloadingComplete (83ms)
	LoadAllAssembliesAndSetupDomain (258ms)
		LoadAssemblies (190ms)
		RebuildTransferFunctionScriptingTraits (0ms)
		AnalyzeDomain (255ms)
			TypeCache.Refresh (252ms)
				TypeCache.ScanAssembly (225ms)
			ScanForSourceGeneratedMonoScriptInfo (1ms)
			ResolveRequiredComponents (1ms)
	FinalizeReload (601ms)
		ReleaseScriptCaches (0ms)
		RebuildScriptCaches (0ms)
		SetupLoadedEditorAssemblies (487ms)
			LogAssemblyErrors (0ms)
			InitializePlatformSupportModulesInManaged (15ms)
			SetLoadedEditorAssemblies (9ms)
			RefreshPlugins (0ms)
			BeforeProcessingInitializeOnLoad (4ms)
			ProcessInitializeOnLoadAttributes (346ms)
			ProcessInitializeOnLoadMethodAttributes (113ms)
			AfterProcessingInitializeOnLoad (0ms)
			EditorAssembliesLoaded (0ms)
		ExecutionOrderSort2 (0ms)
		AwakeInstancesAfterBackupRestoration (0ms)
========================================================================
Worker process is ready to serve import requests
Begin MonoManager ReloadAssembly
- Loaded All Assemblies, in  3.761 seconds
Refreshing native plugins compatible for Editor in 13.75 ms, found 4 plugins.
Native extension for WindowsStandalone target not found
Native extension for WebGL target not found
Package Manager log level set to [2]
[Package Manager] Server::EnsureServerProcessIsRunning -- launch failed, reason: Unity was launched with the -noUpm command-line argument
[Package Manager] UpmClient::Send -- Unable to send message (not connected to UPM process).
[Package Manager] Cannot connect to Unity Package Manager local server
Mono: successfully reloaded assembly
- Finished resetting the current domain, in  2.767 seconds
Domain Reload Profiling: 6523ms
	BeginReloadAssembly (1029ms)
		ExecutionOrderSort (0ms)
		DisableScriptedObjects (40ms)
		BackupInstance (0ms)
		ReleaseScriptingObjects (1ms)
		CreateAndSetChildDomain (114ms)
	RebuildCommonClasses (247ms)
	RebuildNativeTypeToScriptingClass (80ms)
	initialDomainReloadingComplete (249ms)
	LoadAllAssembliesAndSetupDomain (2149ms)
		LoadAssemblies (1721ms)
		RebuildTransferFunctionScriptingTraits (0ms)
		AnalyzeDomain (1073ms)
			TypeCache.Refresh (922ms)
				TypeCache.ScanAssembly (837ms)
			ScanForSourceGeneratedMonoScriptInfo (122ms)
			ResolveRequiredComponents (24ms)
	FinalizeReload (2768ms)
		ReleaseScriptCaches (0ms)
		RebuildScriptCaches (0ms)
		SetupLoadedEditorAssemblies (1913ms)
			LogAssemblyErrors (0ms)
			InitializePlatformSupportModulesInManaged (35ms)
			SetLoadedEditorAssemblies (17ms)
			RefreshPlugins (0ms)
			BeforeProcessingInitializeOnLoad (391ms)
			ProcessInitializeOnLoadAttributes (1399ms)
			ProcessInitializeOnLoadMethodAttributes (65ms)
			AfterProcessingInitializeOnLoad (5ms)
			EditorAssembliesLoaded (0ms)
		ExecutionOrderSort2 (0ms)
		AwakeInstancesAfterBackupRestoration (13ms)
Launched and connected shader compiler UnityShaderCompiler.exe after 0.10 seconds
Refreshing native plugins compatible for Editor in 5.07 ms, found 4 plugins.
Preloading 0 native plugins for Editor in 0.00 ms.
Unloading 4003 Unused Serialized files (Serialized files now loaded: 0)
Unloading 69 unused Assets / (244.8 KB). Loaded Objects now: 4459.
Memory consumption went from 136.6 MB to 136.3 MB.
Total: 8.298600 ms (FindLiveObjects: 0.558400 ms CreateObjectMapping: 0.704800 ms MarkObjects: 6.614700 ms  DeleteObjects: 0.418800 ms)

AssetImportParameters requested are different than current active one (requested -> active):
  custom:container-demuxer-ogg: 62fdf1f143b41e24485cea50d1cbac27 -> 
  custom:video-codec-MediaFoundation-h265: 746d11721c4dcdbdad8f713fa42b33f4 -> 
  custom:video-decoder-ogg-theora: a1e56fd34408186e4bbccfd4996cb3dc -> 
  custom:framework-win-MediaFoundation: 216162199b28c13a410421893ffa2e32 -> 
  custom:CustomObjectIndexerAttribute: 756ad292c208cfabdd7b50bc23989ffe -> 
  custom:container-demuxer-webm: 4f35f7cbe854078d1ac9338744f61a02 -> 
  custom:container-muxer-webm: aa71ff27fc2769a1b78a27578f13a17b -> 
  custom:video-decoder-webm-vp8: 9c59270c3fd7afecdb556c50c9e8de78 -> 
  custom:SearchIndexIgnoredProperties: e643bd26f0fe6173181afceb89e7c659 -> 
  custom:AudioImporter_EditorPlatform: d09bf68614088b80899f8185d706f6e7 -> 
  custom:video-encoder-webm-vp8: eb34c28f22e8b96e1ab97ce403110664 -> 
  custom:audio-decoder-ogg-vorbis: bf7c407c2cedff20999df2af8eb42d56 -> 
  custom:audio-encoder-webm-vorbis: bf7c407c2cedff20999df2af8eb42d56 -> 
========================================================================
Received Import Request.
  Time since last request: 388301.711332 seconds.
  path: Assets/RFox Asset/Environment/props/house.asset
  artifactKey: Guid(a4ac67f5d071a314abc642032dd860c9) Importer(815301076,1909f56bfc062723c751e8b465ee728b)
Start importing Assets/RFox Asset/Environment/props/house.asset using Guid(a4ac67f5d071a314abc642032dd860c9) Importer(815301076,1909f56bfc062723c751e8b465ee728b)  -> (artifact id: '472da024ce4fefa2d9ff08973cfdaebd') in 0.130499 seconds
Number of updated asset objects reloaded before import = 0
Number of asset objects unloaded after import = 3
========================================================================
Received Import Request.
  Time since last request: 0.000044 seconds.
  path: Assets/RFox Asset/Environment/props/straw-house.asset
  artifactKey: Guid(c94133e89378a3f4dbbd4085d50f9edf) Importer(815301076,1909f56bfc062723c751e8b465ee728b)
Start importing Assets/RFox Asset/Environment/props/straw-house.asset using Guid(c94133e89378a3f4dbbd4085d50f9edf) Importer(815301076,1909f56bfc062723c751e8b465ee728b)  -> (artifact id: '45096d17958123d4bfce0a712ba639f6') in 0.018292 seconds
Number of updated asset objects reloaded before import = 0
Number of asset objects unloaded after import = 3
========================================================================
Received Import Request.
  Time since last request: 0.000034 seconds.
  path: Assets/RFox Asset/Environment/props/tree-2.asset
  artifactKey: Guid(d5638ba97bdd3fd478906ff4dbeb6e29) Importer(815301076,1909f56bfc062723c751e8b465ee728b)
Start importing Assets/RFox Asset/Environment/props/tree-2.asset using Guid(d5638ba97bdd3fd478906ff4dbeb6e29) Importer(815301076,1909f56bfc062723c751e8b465ee728b)  -> (artifact id: '35dcb666c469e81d8326910b6625258a') in 0.015965 seconds
Number of updated asset objects reloaded before import = 0
Number of asset objects unloaded after import = 3
========================================================================
Received Import Request.
  Time since last request: 0.000020 seconds.
  path: Assets/RFox Asset/Environment/props/face-block.asset
  artifactKey: Guid(c64a2a0c0fbf6664f96164564b9156b7) Importer(815301076,1909f56bfc062723c751e8b465ee728b)
Start importing Assets/RFox Asset/Environment/props/face-block.asset using Guid(c64a2a0c0fbf6664f96164564b9156b7) Importer(815301076,1909f56bfc062723c751e8b465ee728b)  -> (artifact id: 'ff43eebd8de2080f9e57fdb94776dc95') in 0.021624 seconds
Number of updated asset objects reloaded before import = 0
Number of asset objects unloaded after import = 3
========================================================================
Received Import Request.
  Time since last request: 0.000023 seconds.
  path: Assets/RFox Asset/Environment/props/door.asset
  artifactKey: Guid(267bd291f462b084d9c039411ba8ae4f) Importer(815301076,1909f56bfc062723c751e8b465ee728b)
Start importing Assets/RFox Asset/Environment/props/door.asset using Guid(267bd291f462b084d9c039411ba8ae4f) Importer(815301076,1909f56bfc062723c751e8b465ee728b)  -> (artifact id: 'a4267d88a408a6c7b437d80ab51128ff') in 0.032558 seconds
Number of updated asset objects reloaded before import = 0
Number of asset objects unloaded after import = 3
========================================================================
Received Import Request.
  Time since last request: 0.000032 seconds.
  path: Assets/RFox Asset/Environment/props/shrooms.asset
  artifactKey: Guid(fcb4704569a86d7489abd1f112113469) Importer(815301076,1909f56bfc062723c751e8b465ee728b)
Start importing Assets/RFox Asset/Environment/props/shrooms.asset using Guid(fcb4704569a86d7489abd1f112113469) Importer(815301076,1909f56bfc062723c751e8b465ee728b)  -> (artifact id: '0fa1b67c29441839786f1e60bcae8631') in 0.020451 seconds
Number of updated asset objects reloaded before import = 0
Number of asset objects unloaded after import = 3
========================================================================
Received Import Request.
  Time since last request: 0.000020 seconds.
  path: Assets/RFox Asset/Environment/props/wooden-house.asset
  artifactKey: Guid(6ff1eaa3864b7dc4aabc4398673f3bbf) Importer(815301076,1909f56bfc062723c751e8b465ee728b)
Start importing Assets/RFox Asset/Environment/props/wooden-house.asset using Guid(6ff1eaa3864b7dc4aabc4398673f3bbf) Importer(815301076,1909f56bfc062723c751e8b465ee728b)  -> (artifact id: 'b442d9c7d08cb79b7ed64a430887c7e1') in 0.021173 seconds
Number of updated asset objects reloaded before import = 0
Number of asset objects unloaded after import = 3
========================================================================
Received Import Request.
  Time since last request: 0.000042 seconds.
  path: Assets/RFox Asset/Environment/props/block-big.asset
  artifactKey: Guid(5ae0c0d036fd410408f3ed16b3da5f52) Importer(815301076,1909f56bfc062723c751e8b465ee728b)
Start importing Assets/RFox Asset/Environment/props/block-big.asset using Guid(5ae0c0d036fd410408f3ed16b3da5f52) Importer(815301076,1909f56bfc062723c751e8b465ee728b)  -> (artifact id: 'eb43515648602b8258984b06f2e5693f') in 0.017856 seconds
Number of updated asset objects reloaded before import = 0
Number of asset objects unloaded after import = 3
========================================================================
Received Import Request.
  Time since last request: 0.000023 seconds.
  path: Assets/RFox Asset/Environment/props/spikes.asset
  artifactKey: Guid(be3e6c8664681a94e8fac3399c0d210d) Importer(815301076,1909f56bfc062723c751e8b465ee728b)
Start importing Assets/RFox Asset/Environment/props/spikes.asset using Guid(be3e6c8664681a94e8fac3399c0d210d) Importer(815301076,1909f56bfc062723c751e8b465ee728b)  -> (artifact id: '4603ede3a0de14e3fc3ae1817ae8e4c1') in 0.023340 seconds
Number of updated asset objects reloaded before import = 0
Number of asset objects unloaded after import = 3
========================================================================
Received Import Request.
  Time since last request: 0.000097 seconds.
  path: Assets/RFox Asset/Environment/props/crate.asset
  artifactKey: Guid(f090f08ac3831a04f93f58819c9baafe) Importer(815301076,1909f56bfc062723c751e8b465ee728b)
Start importing Assets/RFox Asset/Environment/props/crate.asset using Guid(f090f08ac3831a04f93f58819c9baafe) Importer(815301076,1909f56bfc062723c751e8b465ee728b)  -> (artifact id: 'bf114f881eb65d51e0cd08cfc856d920') in 0.020444 seconds
Number of updated asset objects reloaded before import = 0
Number of asset objects unloaded after import = 3
========================================================================
Received Import Request.
  Time since last request: 0.000041 seconds.
  path: Assets/RFox Asset/Environment/props/palm.asset
  artifactKey: Guid(5833cb06197c52f409edc8e9c99db220) Importer(815301076,1909f56bfc062723c751e8b465ee728b)
Start importing Assets/RFox Asset/Environment/props/palm.asset using Guid(5833cb06197c52f409edc8e9c99db220) Importer(815301076,1909f56bfc062723c751e8b465ee728b)  -> (artifact id: 'c07bb1b96ba88f47f7d2ac612f09126c') in 0.017610 seconds
Number of updated asset objects reloaded before import = 0
Number of asset objects unloaded after import = 3
========================================================================
Received Import Request.
  Time since last request: 0.000036 seconds.
  path: Assets/RFox Asset/Environment/props/crank-down.asset
  artifactKey: Guid(4c4f8af87a79c04429fdb7db6553562c) Importer(815301076,1909f56bfc062723c751e8b465ee728b)
Start importing Assets/RFox Asset/Environment/props/crank-down.asset using Guid(4c4f8af87a79c04429fdb7db6553562c) Importer(815301076,1909f56bfc062723c751e8b465ee728b)  -> (artifact id: 'e6521684d1b31eaacf24b2d67fb1a0fb') in 0.018112 seconds
Number of updated asset objects reloaded before import = 0
Number of asset objects unloaded after import = 3
========================================================================
Received Import Request.
  Time since last request: 37.085146 seconds.
  path: ProjectSettings/TagManager.asset
  artifactKey: Guid(00000000000000003000000000000000) Importer(815301076,1909f56bfc062723c751e8b465ee728b)
Start importing ProjectSettings/TagManager.asset using Guid(00000000000000003000000000000000) Importer(815301076,1909f56bfc062723c751e8b465ee728b)  -> (artifact id: '84c81214118d20b91bd20e5bf7ff9f7e') in 0.000744 seconds
Number of updated asset objects reloaded before import = 0
Number of asset objects unloaded after import = 0
