Using pre-set license
Built from '2022.3/staging' branch; Version is '2022.3.10f1 (ff3792e53c62) revision 16725906'; Using compiler version '192829333'; Build Type 'Release'
OS: 'Windows 11  (10.0.22621) 64bit ProfessionalWorkstation' Language: 'en' Physical Memory: 16171 MB
BatchMode: 1, IsHumanControllingUs: 0, StartBugReporterOnCrash: 0, Is64bit: 1, IsPro: 1

COMMAND LINE ARGUMENTS:
E:\Setup\UnityEditor\2022.3.10f1\Editor\Unity.exe
-adb2
-batchMode
-noUpm
-name
AssetImportWorker1
-projectPath
E:/RunningFox/RunningFox
-logFile
Logs/AssetImportWorker1.log
-srvPort
57028
Successfully changed project path to: E:/RunningFox/RunningFox
E:/RunningFox/RunningFox
[UnityMemory] Configuration Parameters - Can be set up in boot.config
    "memorysetup-bucket-allocator-granularity=16"
    "memorysetup-bucket-allocator-bucket-count=8"
    "memorysetup-bucket-allocator-block-size=33554432"
    "memorysetup-bucket-allocator-block-count=8"
    "memorysetup-main-allocator-block-size=16777216"
    "memorysetup-thread-allocator-block-size=16777216"
    "memorysetup-gfx-main-allocator-block-size=16777216"
    "memorysetup-gfx-thread-allocator-block-size=16777216"
    "memorysetup-cache-allocator-block-size=4194304"
    "memorysetup-typetree-allocator-block-size=2097152"
    "memorysetup-profiler-bucket-allocator-granularity=16"
    "memorysetup-profiler-bucket-allocator-bucket-count=8"
    "memorysetup-profiler-bucket-allocator-block-size=33554432"
    "memorysetup-profiler-bucket-allocator-block-count=8"
    "memorysetup-profiler-allocator-block-size=16777216"
    "memorysetup-profiler-editor-allocator-block-size=1048576"
    "memorysetup-temp-allocator-size-main=16777216"
    "memorysetup-job-temp-allocator-block-size=2097152"
    "memorysetup-job-temp-allocator-block-size-background=1048576"
    "memorysetup-job-temp-allocator-reduction-small-platforms=262144"
    "memorysetup-allocator-temp-initial-block-size-main=262144"
    "memorysetup-allocator-temp-initial-block-size-worker=262144"
    "memorysetup-temp-allocator-size-background-worker=32768"
    "memorysetup-temp-allocator-size-job-worker=262144"
    "memorysetup-temp-allocator-size-preload-manager=33554432"
    "memorysetup-temp-allocator-size-nav-mesh-worker=65536"
    "memorysetup-temp-allocator-size-audio-worker=65536"
    "memorysetup-temp-allocator-size-cloud-worker=32768"
    "memorysetup-temp-allocator-size-gi-baking-worker=262144"
    "memorysetup-temp-allocator-size-gfx=262144"
Player connection [15020] Host "[IP] 172.26.96.1 [Port] 0 [Flags] 2 [Guid] 18780015 [EditorId] 18780015 [Version] 1048832 [Id] WindowsEditor(7,vhnam1507) [Debug] 1 [PackageName] WindowsEditor [ProjectName] Editor" joined multi-casting on [225.0.0.222:54997]...

Player connection [15020] Host "[IP] 172.26.96.1 [Port] 0 [Flags] 2 [Guid] 18780015 [EditorId] 18780015 [Version] 1048832 [Id] WindowsEditor(7,vhnam1507) [Debug] 1 [PackageName] WindowsEditor [ProjectName] Editor" joined alternative multi-casting on [225.0.0.222:34997]...

[Physics::Module] Initialized MultithreadedJobDispatcher with 11 workers.
Refreshing native plugins compatible for Editor in 17.26 ms, found 4 plugins.
Preloading 0 native plugins for Editor in 0.00 ms.
Initialize engine version: 2022.3.10f1 (ff3792e53c62)
[Subsystems] Discovering subsystems at path E:/Setup/UnityEditor/2022.3.10f1/Editor/Data/Resources/UnitySubsystems
[Subsystems] Discovering subsystems at path E:/RunningFox/RunningFox/Assets
GfxDevice: creating device client; threaded=0; jobified=0
Direct3D:
    Version:  Direct3D 11.0 [level 11.1]
    Renderer: Intel(R) UHD Graphics (ID=0x9bc4)
    Vendor:   Intel
    VRAM:     8085 MB
    Driver:   26.20.100.7985
Initialize mono
Mono path[0] = 'E:/Setup/UnityEditor/2022.3.10f1/Editor/Data/Managed'
Mono path[1] = 'E:/Setup/UnityEditor/2022.3.10f1/Editor/Data/MonoBleedingEdge/lib/mono/unityjit-win32'
Mono config path = 'E:/Setup/UnityEditor/2022.3.10f1/Editor/Data/MonoBleedingEdge/etc'
Using monoOptions --debugger-agent=transport=dt_socket,embedding=1,server=y,suspend=n,address=127.0.0.1:56200
Begin MonoManager ReloadAssembly
Registering precompiled unity dll's ...
Register platform support module: E:/Setup/UnityEditor/2022.3.10f1/Editor/Data/PlaybackEngines/WebGLSupport/UnityEditor.WebGL.Extensions.dll
Register platform support module: E:/Setup/UnityEditor/2022.3.10f1/Editor/Data/PlaybackEngines/WindowsStandaloneSupport/UnityEditor.WindowsStandalone.Extensions.dll
Registered in 0.006722 seconds.
- Loaded All Assemblies, in  0.614 seconds
Native extension for WindowsStandalone target not found
Native extension for WebGL target not found
Mono: successfully reloaded assembly
- Finished resetting the current domain, in  0.581 seconds
Domain Reload Profiling: 1195ms
	BeginReloadAssembly (194ms)
		ExecutionOrderSort (0ms)
		DisableScriptedObjects (0ms)
		BackupInstance (0ms)
		ReleaseScriptingObjects (0ms)
		CreateAndSetChildDomain (1ms)
	RebuildCommonClasses (64ms)
	RebuildNativeTypeToScriptingClass (21ms)
	initialDomainReloadingComplete (83ms)
	LoadAllAssembliesAndSetupDomain (252ms)
		LoadAssemblies (193ms)
		RebuildTransferFunctionScriptingTraits (0ms)
		AnalyzeDomain (248ms)
			TypeCache.Refresh (246ms)
				TypeCache.ScanAssembly (221ms)
			ScanForSourceGeneratedMonoScriptInfo (1ms)
			ResolveRequiredComponents (1ms)
	FinalizeReload (582ms)
		ReleaseScriptCaches (0ms)
		RebuildScriptCaches (0ms)
		SetupLoadedEditorAssemblies (466ms)
			LogAssemblyErrors (0ms)
			InitializePlatformSupportModulesInManaged (12ms)
			SetLoadedEditorAssemblies (9ms)
			RefreshPlugins (0ms)
			BeforeProcessingInitializeOnLoad (3ms)
			ProcessInitializeOnLoadAttributes (310ms)
			ProcessInitializeOnLoadMethodAttributes (132ms)
			AfterProcessingInitializeOnLoad (0ms)
			EditorAssembliesLoaded (0ms)
		ExecutionOrderSort2 (0ms)
		AwakeInstancesAfterBackupRestoration (0ms)
========================================================================
Worker process is ready to serve import requests
Begin MonoManager ReloadAssembly
- Loaded All Assemblies, in  3.667 seconds
Refreshing native plugins compatible for Editor in 17.39 ms, found 4 plugins.
Native extension for WindowsStandalone target not found
Native extension for WebGL target not found
Package Manager log level set to [2]
[Package Manager] Server::EnsureServerProcessIsRunning -- launch failed, reason: Unity was launched with the -noUpm command-line argument
[Package Manager] UpmClient::Send -- Unable to send message (not connected to UPM process).
[Package Manager] Cannot connect to Unity Package Manager local server
Mono: successfully reloaded assembly
- Finished resetting the current domain, in  2.773 seconds
Domain Reload Profiling: 6434ms
	BeginReloadAssembly (1053ms)
		ExecutionOrderSort (0ms)
		DisableScriptedObjects (38ms)
		BackupInstance (0ms)
		ReleaseScriptingObjects (1ms)
		CreateAndSetChildDomain (125ms)
	RebuildCommonClasses (220ms)
	RebuildNativeTypeToScriptingClass (78ms)
	initialDomainReloadingComplete (265ms)
	LoadAllAssembliesAndSetupDomain (2045ms)
		LoadAssemblies (1685ms)
		RebuildTransferFunctionScriptingTraits (0ms)
		AnalyzeDomain (1017ms)
			TypeCache.Refresh (884ms)
				TypeCache.ScanAssembly (808ms)
			ScanForSourceGeneratedMonoScriptInfo (105ms)
			ResolveRequiredComponents (24ms)
	FinalizeReload (2774ms)
		ReleaseScriptCaches (0ms)
		RebuildScriptCaches (0ms)
		SetupLoadedEditorAssemblies (1896ms)
			LogAssemblyErrors (0ms)
			InitializePlatformSupportModulesInManaged (32ms)
			SetLoadedEditorAssemblies (22ms)
			RefreshPlugins (0ms)
			BeforeProcessingInitializeOnLoad (386ms)
			ProcessInitializeOnLoadAttributes (1383ms)
			ProcessInitializeOnLoadMethodAttributes (68ms)
			AfterProcessingInitializeOnLoad (3ms)
			EditorAssembliesLoaded (0ms)
		ExecutionOrderSort2 (0ms)
		AwakeInstancesAfterBackupRestoration (12ms)
Launched and connected shader compiler UnityShaderCompiler.exe after 0.09 seconds
Refreshing native plugins compatible for Editor in 4.80 ms, found 4 plugins.
Preloading 0 native plugins for Editor in 0.00 ms.
Unloading 4003 Unused Serialized files (Serialized files now loaded: 0)
Unloading 69 unused Assets / (244.7 KB). Loaded Objects now: 4459.
Memory consumption went from 136.6 MB to 136.4 MB.
Total: 6.264700 ms (FindLiveObjects: 0.423700 ms CreateObjectMapping: 0.486300 ms MarkObjects: 4.838200 ms  DeleteObjects: 0.514100 ms)

AssetImportParameters requested are different than current active one (requested -> active):
  custom:container-demuxer-ogg: 62fdf1f143b41e24485cea50d1cbac27 -> 
  custom:video-codec-MediaFoundation-h265: 746d11721c4dcdbdad8f713fa42b33f4 -> 
  custom:video-decoder-ogg-theora: a1e56fd34408186e4bbccfd4996cb3dc -> 
  custom:framework-win-MediaFoundation: 216162199b28c13a410421893ffa2e32 -> 
  custom:CustomObjectIndexerAttribute: 756ad292c208cfabdd7b50bc23989ffe -> 
  custom:container-demuxer-webm: 4f35f7cbe854078d1ac9338744f61a02 -> 
  custom:container-muxer-webm: aa71ff27fc2769a1b78a27578f13a17b -> 
  custom:video-decoder-webm-vp8: 9c59270c3fd7afecdb556c50c9e8de78 -> 
  custom:SearchIndexIgnoredProperties: e643bd26f0fe6173181afceb89e7c659 -> 
  custom:AudioImporter_EditorPlatform: d09bf68614088b80899f8185d706f6e7 -> 
  custom:video-encoder-webm-vp8: eb34c28f22e8b96e1ab97ce403110664 -> 
  custom:audio-decoder-ogg-vorbis: bf7c407c2cedff20999df2af8eb42d56 -> 
  custom:audio-encoder-webm-vorbis: bf7c407c2cedff20999df2af8eb42d56 -> 
========================================================================
Received Import Request.
  Time since last request: 388301.749899 seconds.
  path: Assets/RFox Asset/Environment/props/bush.asset
  artifactKey: Guid(8cb3d728574e28844a1621c9f65b42cb) Importer(815301076,1909f56bfc062723c751e8b465ee728b)
Start importing Assets/RFox Asset/Environment/props/bush.asset using Guid(8cb3d728574e28844a1621c9f65b42cb) Importer(815301076,1909f56bfc062723c751e8b465ee728b)  -> (artifact id: '96e2ef1875854f693eea88f38b3643fd') in 0.113591 seconds
Number of updated asset objects reloaded before import = 0
Number of asset objects unloaded after import = 3
========================================================================
Received Import Request.
  Time since last request: 0.000046 seconds.
  path: Assets/RFox Asset/Environment/props/rock.asset
  artifactKey: Guid(62a024ab30523d84eab68b7af9bdac50) Importer(815301076,1909f56bfc062723c751e8b465ee728b)
Start importing Assets/RFox Asset/Environment/props/rock.asset using Guid(62a024ab30523d84eab68b7af9bdac50) Importer(815301076,1909f56bfc062723c751e8b465ee728b)  -> (artifact id: '94a07a7b705ba2b9c8f2e370b0c2dbff') in 0.015000 seconds
Number of updated asset objects reloaded before import = 0
Number of asset objects unloaded after import = 3
========================================================================
Received Import Request.
  Time since last request: 0.000025 seconds.
  path: Assets/RFox Asset/Environment/props/block.asset
  artifactKey: Guid(353aa10bb1af86341bb396141c4f7e00) Importer(815301076,1909f56bfc062723c751e8b465ee728b)
Start importing Assets/RFox Asset/Environment/props/block.asset using Guid(353aa10bb1af86341bb396141c4f7e00) Importer(815301076,1909f56bfc062723c751e8b465ee728b)  -> (artifact id: 'cd60921ba03b900d18ce722c03de0088') in 0.022356 seconds
Number of updated asset objects reloaded before import = 0
Number of asset objects unloaded after import = 3
========================================================================
Received Import Request.
  Time since last request: 0.000020 seconds.
  path: Assets/RFox Asset/Environment/props/platform-long.asset
  artifactKey: Guid(7fcd231c2bdb42c42ba9edd1b73c76b6) Importer(815301076,1909f56bfc062723c751e8b465ee728b)
Start importing Assets/RFox Asset/Environment/props/platform-long.asset using Guid(7fcd231c2bdb42c42ba9edd1b73c76b6) Importer(815301076,1909f56bfc062723c751e8b465ee728b)  -> (artifact id: '00fd86b0f25b0d530f475ad13a825f8f') in 0.039128 seconds
Number of updated asset objects reloaded before import = 0
Number of asset objects unloaded after import = 3
========================================================================
Received Import Request.
  Time since last request: 0.000156 seconds.
  path: Assets/RFox Asset/Environment/props/tree.asset
  artifactKey: Guid(f7f3f9859df57544ebb95b2335e5cdb7) Importer(815301076,1909f56bfc062723c751e8b465ee728b)
Start importing Assets/RFox Asset/Environment/props/tree.asset using Guid(f7f3f9859df57544ebb95b2335e5cdb7) Importer(815301076,1909f56bfc062723c751e8b465ee728b)  -> (artifact id: '82b1d144eba739e896f7547e8c44cdd1') in 0.022959 seconds
Number of updated asset objects reloaded before import = 0
Number of asset objects unloaded after import = 3
========================================================================
Received Import Request.
  Time since last request: 0.000031 seconds.
  path: Assets/RFox Asset/Environment/props/skulls.asset
  artifactKey: Guid(077c24df7ea76114e81851a25839ff0e) Importer(815301076,1909f56bfc062723c751e8b465ee728b)
Start importing Assets/RFox Asset/Environment/props/skulls.asset using Guid(077c24df7ea76114e81851a25839ff0e) Importer(815301076,1909f56bfc062723c751e8b465ee728b)  -> (artifact id: '012ff2cb3bd246bf1d342b3b1a24a1a3') in 0.024039 seconds
Number of updated asset objects reloaded before import = 0
Number of asset objects unloaded after import = 3
========================================================================
Received Import Request.
  Time since last request: 0.000046 seconds.
  path: Assets/RFox Asset/Environment/props/rock-1.asset
  artifactKey: Guid(93ff5c7b55390f441b161c8b068e2f56) Importer(815301076,1909f56bfc062723c751e8b465ee728b)
Start importing Assets/RFox Asset/Environment/props/rock-1.asset using Guid(93ff5c7b55390f441b161c8b068e2f56) Importer(815301076,1909f56bfc062723c751e8b465ee728b)  -> (artifact id: '495f8d374916ebd555c3278284537ee7') in 0.037978 seconds
Number of updated asset objects reloaded before import = 0
Number of asset objects unloaded after import = 3
========================================================================
Received Import Request.
  Time since last request: 0.000027 seconds.
  path: Assets/RFox Asset/Environment/props/rock-2.asset
  artifactKey: Guid(2a4beaac8c72a4e40b138240d9f67fa9) Importer(815301076,1909f56bfc062723c751e8b465ee728b)
Start importing Assets/RFox Asset/Environment/props/rock-2.asset using Guid(2a4beaac8c72a4e40b138240d9f67fa9) Importer(815301076,1909f56bfc062723c751e8b465ee728b)  -> (artifact id: '393a4f3e4191b27a4583ea913e4498b8') in 0.016539 seconds
Number of updated asset objects reloaded before import = 0
Number of asset objects unloaded after import = 3
========================================================================
Received Import Request.
  Time since last request: 0.000029 seconds.
  path: Assets/RFox Asset/Environment/props/spike-skull.asset
  artifactKey: Guid(f09badb93addd384799ffb2e17835eb2) Importer(815301076,1909f56bfc062723c751e8b465ee728b)
Start importing Assets/RFox Asset/Environment/props/spike-skull.asset using Guid(f09badb93addd384799ffb2e17835eb2) Importer(815301076,1909f56bfc062723c751e8b465ee728b)  -> (artifact id: 'b40cbb69ab0202dc35d72a29ae869ae1') in 0.020121 seconds
Number of updated asset objects reloaded before import = 0
Number of asset objects unloaded after import = 3
========================================================================
Received Import Request.
  Time since last request: 0.000073 seconds.
  path: Assets/RFox Asset/Environment/props/sign.asset
  artifactKey: Guid(15b5036927bdb3b41aa7a69f120911ba) Importer(815301076,1909f56bfc062723c751e8b465ee728b)
Start importing Assets/RFox Asset/Environment/props/sign.asset using Guid(15b5036927bdb3b41aa7a69f120911ba) Importer(815301076,1909f56bfc062723c751e8b465ee728b)  -> (artifact id: '20f5e9ad7eae79fdbe551c754b5ad047') in 0.014543 seconds
Number of updated asset objects reloaded before import = 0
Number of asset objects unloaded after import = 3
